Compilación iniciada a las 26/04/2015 18:20:41.
     1>Proyecto "C:\Users\andres\Desktop\projectDatos1\datos1\MusicPlayer\MusicPlayer\MusicPlayer.vcxproj" en el nodo 2 (Build destinos).
     1>ClCompile:
         C:\Program Files (x86)\Microsoft Visual Studio 11.0\VC\bin\CL.exe /c /ZI /nologo /W3 /WX- /sdl /Od /Oy- /D WIN32 /D _DEBUG /D _CONSOLE /D _UNICODE /D UNICODE /Gm /EHsc /RTC1 /MDd /GS /fp:precise /Zc:wchar_t /Zc:forScope /Fo"Debug\\" /Fd"Debug\vc110.pdb" /Gd /TP /analyze- /errorReport:prompt MusicPlayer.cpp
         MusicPlayer.cpp
       Link:
         C:\Program Files (x86)\Microsoft Visual Studio 11.0\VC\bin\link.exe /ERRORREPORT:PROMPT /OUT:"C:\Users\andres\Desktop\projectDatos1\datos1\MusicPlayer\Debug\MusicPlayer.exe" /INCREMENTAL /NOLOGO kernel32.lib user32.lib gdi32.lib winspool.lib comdlg32.lib advapi32.lib shell32.lib ole32.lib oleaut32.lib uuid.lib odbc32.lib odbccp32.lib /MANIFEST /MANIFESTUAC:"level='asInvoker' uiAccess='false'" /manifest:embed /DEBUG /PDB:"C:\Users\andres\Desktop\projectDatos1\datos1\MusicPlayer\Debug\MusicPlayer.pdb" /SUBSYSTEM:CONSOLE /TLBID:1 /DYNAMICBASE /NXCOMPAT /IMPLIB:"C:\Users\andres\Desktop\projectDatos1\datos1\MusicPlayer\Debug\MusicPlayer.lib" /MACHINE:X86 Debug\Genero.obj
         Debug\Grupo.obj
         Debug\Interprete.obj
         Debug\ListaCancionXinterprete.obj
         Debug\ListaCancionXperso.obj
         Debug\ListaGenero.obj
         Debug\ListaGrupo.obj
         Debug\ListaInterprete.obj
         Debug\ListaPersonalizada.obj
         Debug\ListaTema.obj
         Debug\MusicPlayer.obj
         Debug\NodoCancionXinterprete.obj
         Debug\NodoCancionXperso.obj
         Debug\NodoGenero.obj
         Debug\NodoGrupo.obj
         Debug\NodoInterprete.obj
         Debug\NodoPersonalizada.obj
         Debug\NodoTema.obj
         Debug\Personalizada.obj
         Debug\stdafx.obj
         Debug\tema.obj
         MusicPlayer.vcxproj -> C:\Users\andres\Desktop\projectDatos1\datos1\MusicPlayer\Debug\MusicPlayer.exe
     1>Compilación del proyecto terminada "C:\Users\andres\Desktop\projectDatos1\datos1\MusicPlayer\MusicPlayer\MusicPlayer.vcxproj" (Build destinos).

Compilación correcta.

Tiempo transcurrido 00:00:01.21
